2024.10.12 18:26:18 INFO  Started: Metals version 1.3.5 in folders '/home/marvin/WebApp/pokeweb' for client Visual Studio Code 1.91.1.
SLF4J(W): Class path contains multiple SLF4J providers.
SLF4J(W): Found provider [scribe.slf4j.ScribeServiceProvider@1aa9734a]
SLF4J(W): Found provider [ch.qos.logback.classic.spi.LogbackServiceProvider@2decffe]
SLF4J(W): See https://www.slf4j.org/codes.html#multiple_bindings for an explanation.
SLF4J(I): Actual provider is of type [scribe.slf4j.ScribeServiceProvider@1aa9734a]
2024.10.12 18:26:19 WARN  Flyway upgrade recommended: H2 2.3.230 is newer than this version of Flyway and support has not been tested. The latest supported version of H2 is 2.2.220.
2024.10.12 18:27:41 INFO  no build target found for /home/marvin/WebApp/pokeweb/app/controllers/HomeController.scala. Using presentation compiler with project's scala-library version: 3.3.3
2024.10.12 18:27:58 INFO  no build target found for /home/marvin/WebApp/pokeweb/app/controllers/HomeController.scala. Using presentation compiler with project's scala-library version: 3.3.3
2024.10.12 18:28:53 INFO  no build target found for /home/marvin/WebApp/pokeweb/app/controllers/HomeController.scala. Using presentation compiler with project's scala-library version: 3.3.3
2024.10.12 18:37:32 INFO  no build target found for /home/marvin/WebApp/pokeweb/app/controllers/HomeController.scala. Using presentation compiler with project's scala-library version: 3.3.3
2024.10.12 18:37:37 INFO  no build target found for /home/marvin/WebApp/pokeweb/app/controllers/HomeController.scala. Using presentation compiler with project's scala-library version: 3.3.3
2024.10.12 18:37:37 INFO  no build target found for /home/marvin/WebApp/pokeweb/app/controllers/HomeController.scala. Using presentation compiler with project's scala-library version: 3.3.3
2024.10.12 18:37:42 INFO  no build target found for /home/marvin/WebApp/pokeweb/app/controllers/HomeController.scala. Using presentation compiler with project's scala-library version: 3.3.3
2024.10.12 18:37:44 INFO  no build target found for /home/marvin/WebApp/pokeweb/app/controllers/HomeController.scala. Using presentation compiler with project's scala-library version: 3.3.3
2024.10.12 18:37:45 INFO  no build target found for /home/marvin/WebApp/pokeweb/app/controllers/HomeController.scala. Using presentation compiler with project's scala-library version: 3.3.3
2024.10.12 18:37:44 INFO  no build target found for /home/marvin/WebApp/pokeweb/app/controllers/HomeController.scala. Using presentation compiler with project's scala-library version: 3.3.3
2024.10.12 18:37:45 INFO  no build target found for /home/marvin/WebApp/pokeweb/app/controllers/HomeController.scala. Using presentation compiler with project's scala-library version: 3.3.3
2024.10.12 18:37:44 INFO  no build target found for /home/marvin/WebApp/pokeweb/app/controllers/HomeController.scala. Using presentation compiler with project's scala-library version: 3.3.3
2024.10.12 18:37:45 INFO  no build target found for /home/marvin/WebApp/pokeweb/app/controllers/HomeController.scala. Using presentation compiler with project's scala-library version: 3.3.3
2024.10.12 18:37:46 INFO  no build target found for /home/marvin/WebApp/pokeweb/app/controllers/HomeController.scala. Using presentation compiler with project's scala-library version: 3.3.3
2024.10.12 18:37:46 INFO  no build target found for /home/marvin/WebApp/pokeweb/app/controllers/HomeController.scala. Using presentation compiler with project's scala-library version: 3.3.3
2024.10.12 18:37:46 INFO  no build target found for /home/marvin/WebApp/pokeweb/app/controllers/HomeController.scala. Using presentation compiler with project's scala-library version: 3.3.3
2024.10.12 18:37:46 INFO  no build target found for /home/marvin/WebApp/pokeweb/app/controllers/HomeController.scala. Using presentation compiler with project's scala-library version: 3.3.3
2024.10.12 18:37:46 INFO  no build target found for /home/marvin/WebApp/pokeweb/app/controllers/HomeController.scala. Using presentation compiler with project's scala-library version: 3.3.3
2024.10.12 18:37:47 INFO  no build target found for /home/marvin/WebApp/pokeweb/app/controllers/HomeController.scala. Using presentation compiler with project's scala-library version: 3.3.3
2024.10.12 18:37:52 INFO  no build target found for /home/marvin/WebApp/pokeweb/app/controllers/HomeController.scala. Using presentation compiler with project's scala-library version: 3.3.3
2024.10.12 18:37:52 INFO  no build target found for /home/marvin/WebApp/pokeweb/app/controllers/HomeController.scala. Using presentation compiler with project's scala-library version: 3.3.3
2024.10.12 18:37:52 INFO  no build target found for /home/marvin/WebApp/pokeweb/app/controllers/HomeController.scala. Using presentation compiler with project's scala-library version: 3.3.3
2024.10.12 18:37:52 INFO  no build target found for /home/marvin/WebApp/pokeweb/app/controllers/HomeController.scala. Using presentation compiler with project's scala-library version: 3.3.3
2024.10.12 18:37:52 INFO  no build target found for /home/marvin/WebApp/pokeweb/app/controllers/HomeController.scala. Using presentation compiler with project's scala-library version: 3.3.3
2024.10.12 18:37:52 INFO  no build target found for /home/marvin/WebApp/pokeweb/app/controllers/HomeController.scala. Using presentation compiler with project's scala-library version: 3.3.3
2024.10.12 18:37:54 INFO  no build target found for /home/marvin/WebApp/pokeweb/app/controllers/HomeController.scala. Using presentation compiler with project's scala-library version: 3.3.3
2024.10.12 18:38:04 INFO  no build target found for /home/marvin/WebApp/pokeweb/app/controllers/HomeController.scala. Using presentation compiler with project's scala-library version: 3.3.3
2024.10.12 18:38:04 INFO  no build target found for /home/marvin/WebApp/pokeweb/app/controllers/HomeController.scala. Using presentation compiler with project's scala-library version: 3.3.3
2024.10.12 18:38:04 INFO  no build target found for /home/marvin/WebApp/pokeweb/app/controllers/HomeController.scala. Using presentation compiler with project's scala-library version: 3.3.3
2024.10.12 18:38:05 INFO  no build target found for /home/marvin/WebApp/pokeweb/app/controllers/HomeController.scala. Using presentation compiler with project's scala-library version: 3.3.3
2024.10.12 18:38:07 INFO  no build target found for /home/marvin/WebApp/pokeweb/app/controllers/HomeController.scala. Using presentation compiler with project's scala-library version: 3.3.3
2024.10.12 18:38:07 INFO  no build target found for /home/marvin/WebApp/pokeweb/app/controllers/HomeController.scala. Using presentation compiler with project's scala-library version: 3.3.3
2024.10.12 18:38:07 INFO  no build target found for /home/marvin/WebApp/pokeweb/app/controllers/HomeController.scala. Using presentation compiler with project's scala-library version: 3.3.3
2024.10.12 18:38:07 INFO  no build target found for /home/marvin/WebApp/pokeweb/app/controllers/HomeController.scala. Using presentation compiler with project's scala-library version: 3.3.3
2024.10.12 18:38:07 INFO  no build target found for /home/marvin/WebApp/pokeweb/app/controllers/HomeController.scala. Using presentation compiler with project's scala-library version: 3.3.3
2024.10.12 18:38:08 INFO  no build target found for /home/marvin/WebApp/pokeweb/app/controllers/HomeController.scala. Using presentation compiler with project's scala-library version: 3.3.3
2024.10.12 18:38:08 INFO  no build target found for /home/marvin/WebApp/pokeweb/app/controllers/HomeController.scala. Using presentation compiler with project's scala-library version: 3.3.3
2024.10.12 18:38:12 INFO  no build target found for /home/marvin/WebApp/pokeweb/app/controllers/HomeController.scala. Using presentation compiler with project's scala-library version: 3.3.3
2024.10.12 18:38:12 INFO  no build target found for /home/marvin/WebApp/pokeweb/app/controllers/HomeController.scala. Using presentation compiler with project's scala-library version: 3.3.3
2024.10.12 18:38:12 INFO  no build target found for /home/marvin/WebApp/pokeweb/app/controllers/HomeController.scala. Using presentation compiler with project's scala-library version: 3.3.3
2024.10.12 18:38:14 INFO  no build target found for /home/marvin/WebApp/pokeweb/app/controllers/HomeController.scala. Using presentation compiler with project's scala-library version: 3.3.3
2024.10.12 18:38:17 INFO  no build target found for /home/marvin/WebApp/pokeweb/app/controllers/HomeController.scala. Using presentation compiler with project's scala-library version: 3.3.3
2024.10.12 18:38:17 INFO  no build target found for /home/marvin/WebApp/pokeweb/app/controllers/HomeController.scala. Using presentation compiler with project's scala-library version: 3.3.3
2024.10.12 18:38:17 INFO  no build target found for /home/marvin/WebApp/pokeweb/app/controllers/HomeController.scala. Using presentation compiler with project's scala-library version: 3.3.3
2024.10.12 18:38:17 INFO  no build target found for /home/marvin/WebApp/pokeweb/app/controllers/HomeController.scala. Using presentation compiler with project's scala-library version: 3.3.3
2024.10.12 18:38:17 INFO  no build target found for /home/marvin/WebApp/pokeweb/app/controllers/HomeController.scala. Using presentation compiler with project's scala-library version: 3.3.3
2024.10.12 18:38:18 INFO  no build target found for /home/marvin/WebApp/pokeweb/app/controllers/HomeController.scala. Using presentation compiler with project's scala-library version: 3.3.3
2024.10.12 18:38:18 INFO  no build target found for /home/marvin/WebApp/pokeweb/app/controllers/HomeController.scala. Using presentation compiler with project's scala-library version: 3.3.3
2024.10.12 18:38:18 INFO  no build target found for /home/marvin/WebApp/pokeweb/app/controllers/HomeController.scala. Using presentation compiler with project's scala-library version: 3.3.3
2024.10.12 18:38:18 INFO  no build target found for /home/marvin/WebApp/pokeweb/app/controllers/HomeController.scala. Using presentation compiler with project's scala-library version: 3.3.3
2024.10.12 18:38:18 INFO  no build target found for /home/marvin/WebApp/pokeweb/app/controllers/HomeController.scala. Using presentation compiler with project's scala-library version: 3.3.3
2024.10.12 18:38:18 INFO  no build target found for /home/marvin/WebApp/pokeweb/app/controllers/HomeController.scala. Using presentation compiler with project's scala-library version: 3.3.3
2024.10.12 18:38:20 INFO  no build target found for /home/marvin/WebApp/pokeweb/app/controllers/HomeController.scala. Using presentation compiler with project's scala-library version: 3.3.3
2024.10.12 18:38:20 INFO  no build target found for /home/marvin/WebApp/pokeweb/app/controllers/HomeController.scala. Using presentation compiler with project's scala-library version: 3.3.3
2024.10.12 18:38:20 INFO  no build target found for /home/marvin/WebApp/pokeweb/app/controllers/HomeController.scala. Using presentation compiler with project's scala-library version: 3.3.3
2024.10.12 18:38:20 INFO  no build target found for /home/marvin/WebApp/pokeweb/app/controllers/HomeController.scala. Using presentation compiler with project's scala-library version: 3.3.3
2024.10.12 18:38:20 INFO  no build target found for /home/marvin/WebApp/pokeweb/app/controllers/HomeController.scala. Using presentation compiler with project's scala-library version: 3.3.3
2024.10.12 18:38:20 INFO  no build target found for /home/marvin/WebApp/pokeweb/app/controllers/HomeController.scala. Using presentation compiler with project's scala-library version: 3.3.3
2024.10.12 18:38:21 INFO  no build target found for /home/marvin/WebApp/pokeweb/app/controllers/HomeController.scala. Using presentation compiler with project's scala-library version: 3.3.3
2024.10.12 18:38:21 INFO  no build target found for /home/marvin/WebApp/pokeweb/app/controllers/HomeController.scala. Using presentation compiler with project's scala-library version: 3.3.3
2024.10.12 18:38:22 INFO  no build target found for /home/marvin/WebApp/pokeweb/app/controllers/HomeController.scala. Using presentation compiler with project's scala-library version: 3.3.3
2024.10.12 18:38:22 INFO  no build target found for /home/marvin/WebApp/pokeweb/app/controllers/HomeController.scala. Using presentation compiler with project's scala-library version: 3.3.3
2024.10.12 18:38:22 INFO  no build target found for /home/marvin/WebApp/pokeweb/app/controllers/HomeController.scala. Using presentation compiler with project's scala-library version: 3.3.3
2024.10.12 18:38:22 INFO  no build target found for /home/marvin/WebApp/pokeweb/app/controllers/HomeController.scala. Using presentation compiler with project's scala-library version: 3.3.3
2024.10.12 18:38:23 INFO  no build target found for /home/marvin/WebApp/pokeweb/app/controllers/HomeController.scala. Using presentation compiler with project's scala-library version: 3.3.3
2024.10.12 18:38:23 INFO  no build target found for /home/marvin/WebApp/pokeweb/app/controllers/HomeController.scala. Using presentation compiler with project's scala-library version: 3.3.3
2024.10.12 18:38:23 INFO  no build target found for /home/marvin/WebApp/pokeweb/app/controllers/HomeController.scala. Using presentation compiler with project's scala-library version: 3.3.3
2024.10.12 18:38:23 INFO  no build target found for /home/marvin/WebApp/pokeweb/app/controllers/HomeController.scala. Using presentation compiler with project's scala-library version: 3.3.3
2024.10.12 18:38:23 INFO  no build target found for /home/marvin/WebApp/pokeweb/app/controllers/HomeController.scala. Using presentation compiler with project's scala-library version: 3.3.3
2024.10.12 18:38:23 INFO  no build target found for /home/marvin/WebApp/pokeweb/app/controllers/HomeController.scala. Using presentation compiler with project's scala-library version: 3.3.3
2024.10.12 18:38:24 INFO  no build target found for /home/marvin/WebApp/pokeweb/app/controllers/HomeController.scala. Using presentation compiler with project's scala-library version: 3.3.3
2024.10.12 18:38:27 WARN  no build target for: /home/marvin/WebApp/pokeweb/app/controllers/HomeController.scala
2024.10.12 18:38:27 INFO  no build target found for /home/marvin/WebApp/pokeweb/app/controllers/HomeController.scala. Using presentation compiler with project's scala-library version: 3.3.3
2024.10.12 18:38:27 INFO  no build target found for /home/marvin/WebApp/pokeweb/app/controllers/HomeController.scala. Using presentation compiler with project's scala-library version: 3.3.3
2024.10.12 18:38:49 INFO  no build target found for /home/marvin/WebApp/pokeweb/app/controllers/HomeController.scala. Using presentation compiler with project's scala-library version: 3.3.3
2024.10.12 18:41:02 INFO  no build target found for /home/marvin/WebApp/pokeweb/app/controllers/HomeController.scala. Using presentation compiler with project's scala-library version: 3.3.3
2024.10.12 18:41:02 INFO  no build target found for /home/marvin/WebApp/pokeweb/app/controllers/HomeController.scala. Using presentation compiler with project's scala-library version: 3.3.3
2024.10.12 18:41:02 INFO  no build target found for /home/marvin/WebApp/pokeweb/app/controllers/HomeController.scala. Using presentation compiler with project's scala-library version: 3.3.3
2024.10.12 18:41:06 INFO  no build target found for /home/marvin/WebApp/pokeweb/app/controllers/HomeController.scala. Using presentation compiler with project's scala-library version: 3.3.3
2024.10.12 18:41:06 INFO  no build target found for /home/marvin/WebApp/pokeweb/app/controllers/HomeController.scala. Using presentation compiler with project's scala-library version: 3.3.3
2024.10.12 18:41:06 INFO  no build target found for /home/marvin/WebApp/pokeweb/app/controllers/HomeController.scala. Using presentation compiler with project's scala-library version: 3.3.3
2024.10.12 18:41:20 WARN  no build target for: /home/marvin/WebApp/pokeweb/app/controllers/HomeController.scala
2024.10.12 18:41:20 INFO  no build target found for /home/marvin/WebApp/pokeweb/app/controllers/HomeController.scala. Using presentation compiler with project's scala-library version: 3.3.3
2024.10.12 18:41:20 INFO  no build target found for /home/marvin/WebApp/pokeweb/app/controllers/HomeController.scala. Using presentation compiler with project's scala-library version: 3.3.3
2024.10.12 18:41:53 INFO  no build target found for /home/marvin/WebApp/pokeweb/app/controllers/HomeController.scala. Using presentation compiler with project's scala-library version: 3.3.3
2024.10.12 18:41:55 INFO  no build target found for /home/marvin/WebApp/pokeweb/app/controllers/HomeController.scala. Using presentation compiler with project's scala-library version: 3.3.3
2024.10.12 18:41:55 INFO  no build target found for /home/marvin/WebApp/pokeweb/app/controllers/HomeController.scala. Using presentation compiler with project's scala-library version: 3.3.3
2024.10.12 18:41:55 INFO  no build target found for /home/marvin/WebApp/pokeweb/app/controllers/HomeController.scala. Using presentation compiler with project's scala-library version: 3.3.3
2024.10.12 18:41:55 INFO  no build target found for /home/marvin/WebApp/pokeweb/app/controllers/HomeController.scala. Using presentation compiler with project's scala-library version: 3.3.3
2024.10.12 18:41:55 INFO  no build target found for /home/marvin/WebApp/pokeweb/app/controllers/HomeController.scala. Using presentation compiler with project's scala-library version: 3.3.3
2024.10.12 18:41:56 INFO  no build target found for /home/marvin/WebApp/pokeweb/app/controllers/HomeController.scala. Using presentation compiler with project's scala-library version: 3.3.3
2024.10.12 18:41:56 INFO  no build target found for /home/marvin/WebApp/pokeweb/app/controllers/HomeController.scala. Using presentation compiler with project's scala-library version: 3.3.3
2024.10.12 18:41:56 INFO  no build target found for /home/marvin/WebApp/pokeweb/app/controllers/HomeController.scala. Using presentation compiler with project's scala-library version: 3.3.3
2024.10.12 18:41:56 INFO  no build target found for /home/marvin/WebApp/pokeweb/app/controllers/HomeController.scala. Using presentation compiler with project's scala-library version: 3.3.3
2024.10.12 18:41:56 INFO  no build target found for /home/marvin/WebApp/pokeweb/app/controllers/HomeController.scala. Using presentation compiler with project's scala-library version: 3.3.3
2024.10.12 18:41:56 INFO  no build target found for /home/marvin/WebApp/pokeweb/app/controllers/HomeController.scala. Using presentation compiler with project's scala-library version: 3.3.3
2024.10.12 18:41:57 INFO  no build target found for /home/marvin/WebApp/pokeweb/app/controllers/HomeController.scala. Using presentation compiler with project's scala-library version: 3.3.3
2024.10.12 18:41:58 INFO  no build target found for /home/marvin/WebApp/pokeweb/app/controllers/HomeController.scala. Using presentation compiler with project's scala-library version: 3.3.3
2024.10.12 18:41:58 INFO  no build target found for /home/marvin/WebApp/pokeweb/app/controllers/HomeController.scala. Using presentation compiler with project's scala-library version: 3.3.3
2024.10.12 18:41:59 INFO  no build target found for /home/marvin/WebApp/pokeweb/app/controllers/HomeController.scala. Using presentation compiler with project's scala-library version: 3.3.3
2024.10.12 18:41:59 INFO  no build target found for /home/marvin/WebApp/pokeweb/app/controllers/HomeController.scala. Using presentation compiler with project's scala-library version: 3.3.3
2024.10.12 18:41:59 INFO  no build target found for /home/marvin/WebApp/pokeweb/app/controllers/HomeController.scala. Using presentation compiler with project's scala-library version: 3.3.3
2024.10.12 18:42:00 INFO  no build target found for /home/marvin/WebApp/pokeweb/app/controllers/HomeController.scala. Using presentation compiler with project's scala-library version: 3.3.3
2024.10.12 18:42:01 WARN  no build target for: /home/marvin/WebApp/pokeweb/app/controllers/HomeController.scala
2024.10.12 18:42:01 INFO  no build target found for /home/marvin/WebApp/pokeweb/app/controllers/HomeController.scala. Using presentation compiler with project's scala-library version: 3.3.3
2024.10.12 18:42:01 INFO  no build target found for /home/marvin/WebApp/pokeweb/app/controllers/HomeController.scala. Using presentation compiler with project's scala-library version: 3.3.3
2024.10.12 18:42:15 INFO  no build target found for /home/marvin/WebApp/pokeweb/app/controllers/HomeController.scala. Using presentation compiler with project's scala-library version: 3.3.3
2024.10.12 18:42:16 INFO  no build target found for /home/marvin/WebApp/pokeweb/app/controllers/HomeController.scala. Using presentation compiler with project's scala-library version: 3.3.3
2024.10.12 18:42:16 INFO  no build target found for /home/marvin/WebApp/pokeweb/app/controllers/HomeController.scala. Using presentation compiler with project's scala-library version: 3.3.3
2024.10.12 18:42:17 INFO  no build target found for /home/marvin/WebApp/pokeweb/app/controllers/HomeController.scala. Using presentation compiler with project's scala-library version: 3.3.3
2024.10.12 18:42:17 INFO  no build target found for /home/marvin/WebApp/pokeweb/app/controllers/HomeController.scala. Using presentation compiler with project's scala-library version: 3.3.3
2024.10.12 18:42:17 INFO  no build target found for /home/marvin/WebApp/pokeweb/app/controllers/HomeController.scala. Using presentation compiler with project's scala-library version: 3.3.3
2024.10.12 18:42:18 WARN  no build target for: /home/marvin/WebApp/pokeweb/app/controllers/HomeController.scala
2024.10.12 18:43:12 INFO  no build target found for /home/marvin/WebApp/pokeweb/app/controllers/HomeController.scala. Using presentation compiler with project's scala-library version: 3.3.3
2024.10.12 18:46:58 INFO  no build target found for /home/marvin/WebApp/pokeweb/app/controllers/HomeController.scala. Using presentation compiler with project's scala-library version: 3.3.3
2024.10.12 18:47:36 INFO  no build target found for /home/marvin/WebApp/pokeweb/app/controllers/HomeController.scala. Using presentation compiler with project's scala-library version: 3.3.3
2024.10.12 18:48:28 INFO  no build target found for /home/marvin/WebApp/pokeweb/app/controllers/HomeController.scala. Using presentation compiler with project's scala-library version: 3.3.3
2024.10.12 18:50:49 INFO  no build target found for /home/marvin/WebApp/pokeweb/app/controllers/HomeController.scala. Using presentation compiler with project's scala-library version: 3.3.3
2024.10.12 18:53:27 INFO  no build target found for /home/marvin/WebApp/pokeweb/app/controllers/HomeController.scala. Using presentation compiler with project's scala-library version: 3.3.3
2024.10.12 18:53:28 INFO  no build target found for /home/marvin/WebApp/pokeweb/app/controllers/HomeController.scala. Using presentation compiler with project's scala-library version: 3.3.3
2024.10.12 18:53:28 INFO  no build target found for /home/marvin/WebApp/pokeweb/app/controllers/HomeController.scala. Using presentation compiler with project's scala-library version: 3.3.3
2024.10.12 18:53:35 INFO  no build target found for /home/marvin/WebApp/pokeweb/app/controllers/HomeController.scala. Using presentation compiler with project's scala-library version: 3.3.3
2024.10.12 18:53:35 INFO  no build target found for /home/marvin/WebApp/pokeweb/app/controllers/HomeController.scala. Using presentation compiler with project's scala-library version: 3.3.3
2024.10.12 18:53:35 INFO  no build target found for /home/marvin/WebApp/pokeweb/app/controllers/HomeController.scala. Using presentation compiler with project's scala-library version: 3.3.3
2024.10.12 18:53:35 INFO  no build target found for /home/marvin/WebApp/pokeweb/app/controllers/HomeController.scala. Using presentation compiler with project's scala-library version: 3.3.3
2024.10.12 18:53:35 INFO  no build target found for /home/marvin/WebApp/pokeweb/app/controllers/HomeController.scala. Using presentation compiler with project's scala-library version: 3.3.3
2024.10.12 18:53:36 INFO  no build target found for /home/marvin/WebApp/pokeweb/app/controllers/HomeController.scala. Using presentation compiler with project's scala-library version: 3.3.3
2024.10.12 18:53:36 INFO  no build target found for /home/marvin/WebApp/pokeweb/app/controllers/HomeController.scala. Using presentation compiler with project's scala-library version: 3.3.3
2024.10.12 18:53:36 INFO  no build target found for /home/marvin/WebApp/pokeweb/app/controllers/HomeController.scala. Using presentation compiler with project's scala-library version: 3.3.3
2024.10.12 18:53:42 INFO  no build target found for /home/marvin/WebApp/pokeweb/app/controllers/HomeController.scala. Using presentation compiler with project's scala-library version: 3.3.3
2024.10.12 18:53:42 INFO  no build target found for /home/marvin/WebApp/pokeweb/app/controllers/HomeController.scala. Using presentation compiler with project's scala-library version: 3.3.3
2024.10.12 18:53:42 INFO  no build target found for /home/marvin/WebApp/pokeweb/app/controllers/HomeController.scala. Using presentation compiler with project's scala-library version: 3.3.3
2024.10.12 18:53:42 INFO  no build target found for /home/marvin/WebApp/pokeweb/app/controllers/HomeController.scala. Using presentation compiler with project's scala-library version: 3.3.3
2024.10.12 18:53:42 INFO  no build target found for /home/marvin/WebApp/pokeweb/app/controllers/HomeController.scala. Using presentation compiler with project's scala-library version: 3.3.3
2024.10.12 18:53:43 INFO  no build target found for /home/marvin/WebApp/pokeweb/app/controllers/HomeController.scala. Using presentation compiler with project's scala-library version: 3.3.3
2024.10.12 18:53:43 INFO  no build target found for /home/marvin/WebApp/pokeweb/app/controllers/HomeController.scala. Using presentation compiler with project's scala-library version: 3.3.3
2024.10.12 18:53:43 INFO  no build target found for /home/marvin/WebApp/pokeweb/app/controllers/HomeController.scala. Using presentation compiler with project's scala-library version: 3.3.3
2024.10.12 18:53:43 INFO  no build target found for /home/marvin/WebApp/pokeweb/app/controllers/HomeController.scala. Using presentation compiler with project's scala-library version: 3.3.3
2024.10.12 18:53:43 INFO  no build target found for /home/marvin/WebApp/pokeweb/app/controllers/HomeController.scala. Using presentation compiler with project's scala-library version: 3.3.3
2024.10.12 18:53:44 INFO  no build target found for /home/marvin/WebApp/pokeweb/app/controllers/HomeController.scala. Using presentation compiler with project's scala-library version: 3.3.3
2024.10.12 18:53:46 INFO  no build target found for /home/marvin/WebApp/pokeweb/app/controllers/HomeController.scala. Using presentation compiler with project's scala-library version: 3.3.3
2024.10.12 18:53:46 INFO  no build target found for /home/marvin/WebApp/pokeweb/app/controllers/HomeController.scala. Using presentation compiler with project's scala-library version: 3.3.3
2024.10.12 18:53:46 INFO  no build target found for /home/marvin/WebApp/pokeweb/app/controllers/HomeController.scala. Using presentation compiler with project's scala-library version: 3.3.3
2024.10.12 18:53:46 INFO  no build target found for /home/marvin/WebApp/pokeweb/app/controllers/HomeController.scala. Using presentation compiler with project's scala-library version: 3.3.3
2024.10.12 18:53:46 INFO  no build target found for /home/marvin/WebApp/pokeweb/app/controllers/HomeController.scala. Using presentation compiler with project's scala-library version: 3.3.3
2024.10.12 18:53:46 INFO  no build target found for /home/marvin/WebApp/pokeweb/app/controllers/HomeController.scala. Using presentation compiler with project's scala-library version: 3.3.3
2024.10.12 18:53:46 INFO  no build target found for /home/marvin/WebApp/pokeweb/app/controllers/HomeController.scala. Using presentation compiler with project's scala-library version: 3.3.3
2024.10.12 18:53:46 INFO  no build target found for /home/marvin/WebApp/pokeweb/app/controllers/HomeController.scala. Using presentation compiler with project's scala-library version: 3.3.3
2024.10.12 18:53:46 INFO  no build target found for /home/marvin/WebApp/pokeweb/app/controllers/HomeController.scala. Using presentation compiler with project's scala-library version: 3.3.3
2024.10.12 18:53:46 INFO  no build target found for /home/marvin/WebApp/pokeweb/app/controllers/HomeController.scala. Using presentation compiler with project's scala-library version: 3.3.3
2024.10.12 18:53:47 INFO  no build target found for /home/marvin/WebApp/pokeweb/app/controllers/HomeController.scala. Using presentation compiler with project's scala-library version: 3.3.3
2024.10.12 18:53:47 INFO  no build target found for /home/marvin/WebApp/pokeweb/app/controllers/HomeController.scala. Using presentation compiler with project's scala-library version: 3.3.3
2024.10.12 18:53:47 INFO  no build target found for /home/marvin/WebApp/pokeweb/app/controllers/HomeController.scala. Using presentation compiler with project's scala-library version: 3.3.3
2024.10.12 18:53:47 INFO  no build target found for /home/marvin/WebApp/pokeweb/app/controllers/HomeController.scala. Using presentation compiler with project's scala-library version: 3.3.3
2024.10.12 18:53:47 INFO  no build target found for /home/marvin/WebApp/pokeweb/app/controllers/HomeController.scala. Using presentation compiler with project's scala-library version: 3.3.3
2024.10.12 18:53:47 INFO  no build target found for /home/marvin/WebApp/pokeweb/app/controllers/HomeController.scala. Using presentation compiler with project's scala-library version: 3.3.3
2024.10.12 18:53:47 INFO  no build target found for /home/marvin/WebApp/pokeweb/app/controllers/HomeController.scala. Using presentation compiler with project's scala-library version: 3.3.3
2024.10.12 18:53:47 INFO  no build target found for /home/marvin/WebApp/pokeweb/app/controllers/HomeController.scala. Using presentation compiler with project's scala-library version: 3.3.3
2024.10.12 18:53:47 INFO  no build target found for /home/marvin/WebApp/pokeweb/app/controllers/HomeController.scala. Using presentation compiler with project's scala-library version: 3.3.3
2024.10.12 18:53:47 INFO  no build target found for /home/marvin/WebApp/pokeweb/app/controllers/HomeController.scala. Using presentation compiler with project's scala-library version: 3.3.3
2024.10.12 18:53:47 INFO  no build target found for /home/marvin/WebApp/pokeweb/app/controllers/HomeController.scala. Using presentation compiler with project's scala-library version: 3.3.3
2024.10.12 18:53:48 INFO  no build target found for /home/marvin/WebApp/pokeweb/app/controllers/HomeController.scala. Using presentation compiler with project's scala-library version: 3.3.3
2024.10.12 18:53:47 INFO  no build target found for /home/marvin/WebApp/pokeweb/app/controllers/HomeController.scala. Using presentation compiler with project's scala-library version: 3.3.3
2024.10.12 18:53:47 INFO  no build target found for /home/marvin/WebApp/pokeweb/app/controllers/HomeController.scala. Using presentation compiler with project's scala-library version: 3.3.3
2024.10.12 18:53:48 INFO  no build target found for /home/marvin/WebApp/pokeweb/app/controllers/HomeController.scala. Using presentation compiler with project's scala-library version: 3.3.3
2024.10.12 18:53:52 WARN  no build target for: /home/marvin/WebApp/pokeweb/app/controllers/HomeController.scala
2024.10.12 18:53:52 INFO  no build target found for /home/marvin/WebApp/pokeweb/app/controllers/HomeController.scala. Using presentation compiler with project's scala-library version: 3.3.3
2024.10.12 18:54:01 INFO  no build target found for /home/marvin/WebApp/pokeweb/app/controllers/HomeController.scala. Using presentation compiler with project's scala-library version: 3.3.3
2024.10.12 18:54:01 INFO  no build target found for /home/marvin/WebApp/pokeweb/app/controllers/HomeController.scala. Using presentation compiler with project's scala-library version: 3.3.3
Oct 12, 2024 6:54:02 PM org.eclipse.lsp4j.jsonrpc.RemoteEndpoint handleCancellation
WARNING: Unmatched cancel notification for request id 395
2024.10.12 18:59:04 INFO  no build target found for /home/marvin/WebApp/pokeweb/app/controllers/HomeController.scala. Using presentation compiler with project's scala-library version: 3.3.3
2024.10.12 18:59:04 INFO  no build target found for /home/marvin/WebApp/pokeweb/app/controllers/HomeController.scala. Using presentation compiler with project's scala-library version: 3.3.3
2024.10.12 18:59:07 INFO  no build target found for /home/marvin/WebApp/pokeweb/app/controllers/HomeController.scala. Using presentation compiler with project's scala-library version: 3.3.3
2024.10.12 21:49:01 INFO  Shutting down server
2024.10.12 21:49:01 INFO  shutting down Metals
2024.10.12 21:49:03 INFO  Exiting server
2024.10.12 21:49:03 ERROR Unexpected error initializing server: 
org.eclipse.lsp4j.jsonrpc.ResponseErrorException: Request window/showMessageRequest failed with message: Canceled
	at org.eclipse.lsp4j.jsonrpc.RemoteEndpoint.handleResponse(RemoteEndpoint.java:220)
	at org.eclipse.lsp4j.jsonrpc.RemoteEndpoint.consume(RemoteEndpoint.java:204)
	at org.eclipse.lsp4j.jsonrpc.json.StreamMessageProducer.handleMessage(StreamMessageProducer.java:185)
	at org.eclipse.lsp4j.jsonrpc.json.StreamMessageProducer.listen(StreamMessageProducer.java:97)
	at org.eclipse.lsp4j.jsonrpc.json.ConcurrentMessageProcessor.run(ConcurrentMessageProcessor.java:114)
	at java.util.concurrent.Executors$RunnableAdapter.call(Executors.java:572)
	at java.util.concurrent.FutureTask.run(FutureTask.java:317)
	at java.util.concurrent.ThreadPoolExecutor.runWorker(ThreadPoolExecutor.java:1144)
	at java.util.concurrent.ThreadPoolExecutor$Worker.run(ThreadPoolExecutor.java:642)
	at java.lang.Thread.run(Thread.java:1583)

